[20.05.2020 23:54:08]	INFO	max111 authorized successfully
[20.05.2020 23:54:46]	INFO	admin authorized successfully
[20.05.2020 23:54:57]	INFO	Could not verificate token
[20.05.2020 23:58:07]	INFO	admin authorized successfully
[24.05.2020 22:39:26]	INFO	Could not verificate token
[24.05.2020 22:40:19]	INFO	admin authorized successfully
[24.05.2020 22:40:22]	INFO	Could not verificate token
[24.05.2020 22:40:57]	INFO	admin authorized successfully
[24.05.2020 22:41:00]	INFO	Could not verificate token
[24.05.2020 22:41:05]	INFO	Could not verificate token
[24.05.2020 22:41:06]	INFO	Could not verificate token
[24.05.2020 22:41:09]	INFO	admin authorized successfully
[24.05.2020 22:41:13]	INFO	Could not verificate token
[24.05.2020 22:41:16]	INFO	Could not verificate token
[24.05.2020 22:41:18]	INFO	Could not verificate token
[24.05.2020 22:41:20]	INFO	admin authorized successfully
[24.05.2020 22:57:07]	INFO	admin authorized successfully
[24.05.2020 22:57:18]	INFO	admin authorized successfully
[24.05.2020 22:57:22]	INFO	admin authorized successfully
[24.05.2020 22:57:26]	INFO	admin authorized successfully
[24.05.2020 22:57:29]	INFO	admin authorized successfully
[24.05.2020 22:57:37]	INFO	admin authorized successfully
[24.05.2020 23:12:24]	INFO	admin authorized successfully
[24.05.2020 23:12:26]	INFO	admin authorized successfully
[24.05.2020 23:12:29]	INFO	Could not verificate token
[24.05.2020 23:21:43]	INFO	admin authorized successfully
[24.05.2020 23:21:45]	INFO	admin authorized successfully
[24.05.2020 23:23:13]	INFO	admin authorized successfully
[24.05.2020 23:23:36]	INFO	admin authorized successfully
[24.05.2020 23:23:48]	INFO	admin authorized successfully
[24.05.2020 23:23:54]	INFO	admin authorized successfully
[24.05.2020 23:23:58]	INFO	admin authorized successfully
[24.05.2020 23:24:04]	INFO	admin authorized successfully
[24.05.2020 23:24:38]	INFO	admin authorized successfully
[24.05.2020 23:24:39]	INFO	admin authorized successfully
[24.05.2020 23:27:28]	INFO	admin authorized successfully
[24.05.2020 23:29:24]	INFO	admin authorized successfully
[24.05.2020 23:29:43]	INFO	admin authorized successfully
[24.05.2020 23:32:46]	INFO	admin authorized successfully
[24.05.2020 23:33:26]	INFO	admin authorized successfully
[24.05.2020 23:33:38]	INFO	admin authorized successfully
[25.05.2020 22:52:42]	INFO	admin authorized successfully
[25.05.2020 22:53:51]	INFO	admin authorized successfully
[25.05.2020 22:54:19]	INFO	admin authorized successfully
[25.05.2020 22:56:33]	INFO	admin authorized successfully
[25.05.2020 22:56:36]	INFO	admin authorized successfully
[25.05.2020 22:57:08]	INFO	admin authorized successfully
[25.05.2020 22:59:48]	INFO	admin authorized successfully
[25.05.2020 22:59:56]	INFO	admin authorized successfully
[25.05.2020 23:00:00]	INFO	admin authorized successfully
[25.05.2020 23:00:07]	INFO	admin authorized successfully
[25.05.2020 23:00:11]	INFO	admin authorized successfully
[25.05.2020 23:00:13]	INFO	admin authorized successfully
[25.05.2020 23:00:35]	INFO	admin authorized successfully
[25.05.2020 23:04:13]	INFO	admin authorized successfully
[25.05.2020 23:25:35]	INFO	admin authorized successfully
[25.05.2020 23:26:52]	INFO	admin authorized successfully
[25.05.2020 23:27:03]	INFO	admin authorized successfully
[25.05.2020 23:27:23]	INFO	admin authorized successfully
[25.05.2020 23:30:40]	INFO	admin authorized successfully
[25.05.2020 23:30:43]	INFO	admin authorized successfully
[25.05.2020 23:31:00]	INFO	admin authorized successfully
[25.05.2020 23:31:44]	INFO	admin authorized successfully
[25.05.2020 23:33:16]	INFO	admin authorized successfully
[25.05.2020 23:33:23]	INFO	admin authorized successfully
[25.05.2020 23:36:50]	INFO	admin authorized successfully
[25.05.2020 23:37:17]	INFO	admin authorized successfully
[25.05.2020 23:38:03]	INFO	admin authorized successfully
[25.05.2020 23:38:08]	INFO	admin authorized successfully
[25.05.2020 23:39:00]	INFO	admin authorized successfully
[25.05.2020 23:39:18]	INFO	admin authorized successfully
[25.05.2020 23:39:38]	INFO	admin authorized successfully
[25.05.2020 23:39:53]	INFO	admin authorized successfully
[26.05.2020 23:29:06]	INFO	admin authorized successfully
[26.05.2020 23:29:32]	INFO	admin authorized successfully
[26.05.2020 23:29:35]	INFO	Could not verificate token
[26.05.2020 23:31:25]	INFO	Could not verificate token
[26.05.2020 23:31:29]	INFO	Could not verificate token
[26.05.2020 23:31:33]	INFO	Could not verificate token
[26.05.2020 23:31:50]	INFO	admin authorized successfully
[26.05.2020 23:31:53]	INFO	Could not verificate token
[26.05.2020 23:31:58]	INFO	admin authorized successfully
[26.05.2020 23:32:03]	INFO	admin authorized successfully
[26.05.2020 23:32:14]	INFO	admin authorized successfully
[26.05.2020 23:32:16]	INFO	admin authorized successfully
[26.05.2020 23:32:25]	INFO	admin authorized successfully
[26.05.2020 23:32:27]	INFO	admin authorized successfully
[26.05.2020 23:32:33]	INFO	admin authorized successfully
[26.05.2020 23:32:37]	INFO	admin authorized successfully
[26.05.2020 23:33:20]	INFO	admin authorized successfully
[26.05.2020 23:33:24]	INFO	admin authorized successfully
[26.05.2020 23:33:26]	INFO	admin authorized successfully
[26.05.2020 23:33:57]	INFO	admin authorized successfully
[26.05.2020 23:34:09]	INFO	admin authorized successfully
[26.05.2020 23:34:27]	INFO	admin authorized successfully
[26.05.2020 23:34:33]	INFO	admin authorized successfully
[26.05.2020 23:36:39]	INFO	admin authorized successfully
[26.05.2020 23:37:59]	INFO	admin authorized successfully
[26.05.2020 23:41:32]	ERROR	Could not get auth while runtime ERROR
[26.05.2020 23:41:55]	ERROR	Could not get auth while runtime ERROR
[26.05.2020 23:42:16]	ERROR	Could not get auth while runtime ERROR
[26.05.2020 23:42:38]	INFO	admin authorized successfully
[26.05.2020 23:48:16]	INFO	admin authorized successfully
[26.05.2020 23:50:14]	INFO	admin authorized successfully
[26.05.2020 23:52:23]	INFO	admin authorized successfully
[26.05.2020 23:53:11]	INFO	admin authorized successfully
[26.05.2020 23:56:41]	INFO	admin authorized successfully
[27.05.2020 00:17:36]	INFO	admin authorized successfully
[27.05.2020 00:28:47]	INFO	admin authorized successfully
[27.05.2020 00:29:12]	INFO	admin authorized successfully
[27.05.2020 00:29:21]	INFO	admin authorized successfully
[27.05.2020 00:29:44]	INFO	admin authorized successfully
[27.05.2020 00:29:55]	INFO	admin authorized successfully
[27.05.2020 00:30:07]	INFO	user1234 authorized successfully
[30.05.2020 00:00:44]	INFO	admin authorized successfully
[30.05.2020 00:00:48]	INFO	admin authorized successfully
[30.05.2020 00:04:03]	INFO	admin authorized successfully
[30.05.2020 00:05:23]	INFO	admin authorized successfully
[30.05.2020 00:05:32]	INFO	admin authorized successfully
[30.05.2020 00:05:46]	INFO	admin authorized successfully
[30.05.2020 00:05:54]	INFO	admin authorized successfully
[30.05.2020 00:06:44]	INFO	admin authorized successfully
[30.05.2020 00:07:14]	INFO	admin authorized successfully
[30.05.2020 00:07:19]	INFO	admin authorized successfully
[30.05.2020 00:07:22]	INFO	admin authorized successfully
[30.05.2020 00:07:29]	INFO	admin authorized successfully
[30.05.2020 00:08:04]	INFO	admin authorized successfully
[30.05.2020 00:14:20]	INFO	admin authorized successfully
[30.05.2020 00:14:59]	INFO	admin authorized successfully
[30.05.2020 00:15:09]	INFO	admin authorized successfully
[30.05.2020 00:15:19]	INFO	admin authorized successfully
[30.05.2020 00:15:33]	INFO	admin authorized successfully
[30.05.2020 00:15:37]	INFO	admin authorized successfully
[30.05.2020 00:15:46]	INFO	admin authorized successfully
[30.05.2020 00:21:10]	INFO	admin authorized successfully
[30.05.2020 00:28:14]	INFO	admin authorized successfully
[30.05.2020 00:28:35]	INFO	admin authorized successfully
[30.05.2020 00:28:50]	INFO	admin authorized successfully
[30.05.2020 00:29:01]	INFO	admin authorized successfully
[30.05.2020 00:29:26]	INFO	admin authorized successfully
[30.05.2020 00:29:35]	INFO	admin authorized successfully
[30.05.2020 00:29:36]	INFO	admin authorized successfully
[30.05.2020 00:29:40]	INFO	admin authorized successfully
[30.05.2020 00:29:41]	INFO	admin authorized successfully
[30.05.2020 00:32:51]	INFO	admin authorized successfully
[30.05.2020 00:32:57]	INFO	admin authorized successfully
[30.05.2020 00:33:04]	INFO	admin authorized successfully
[30.05.2020 00:33:41]	INFO	admin authorized successfully
[30.05.2020 00:33:59]	INFO	admin authorized successfully
[30.05.2020 00:34:00]	INFO	admin authorized successfully
[30.05.2020 00:34:06]	INFO	admin authorized successfully
[30.05.2020 00:40:42]	INFO	admin authorized successfully
[30.05.2020 00:42:08]	INFO	admin authorized successfully
[30.05.2020 00:42:36]	INFO	admin authorized successfully
[30.05.2020 00:44:21]	INFO	admin authorized successfully
[30.05.2020 00:44:35]	INFO	admin authorized successfully
[30.05.2020 00:44:42]	INFO	admin authorized successfully
[30.05.2020 00:44:48]	INFO	admin authorized successfully
[30.05.2020 00:44:54]	INFO	admin authorized successfully
[30.05.2020 00:47:52]	INFO	admin authorized successfully
[30.05.2020 00:54:06]	INFO	admin authorized successfully
[08.06.2020 16:59:54]	INFO	admin authorized successfully
[08.06.2020 17:01:20]	INFO	admin authorized successfully
[10.06.2020 16:46:26]	INFO	Could not verificate token
